no_url
(1+1/n)^m
   └──([) weight=8, type=sus
       │──(^) weight=2, type=sups
       │   └──(m) weight=1, type=var
       └──(+) weight=5, type=add
           │──(1) weight=1, type=one
           └──(/) weight=3, type=frac
               │──(1) weight=1, type=one
               └──(n) weight=1, type=var

./collection/var/sups/sus m 1 2 8 
./collection/one/add/sus 1 1 5 8 
./collection/one/frac/add/sus 1 1 3 5 8 
./collection/var/frac/add/sus n 1 3 5 8 

(1+1/k)^k
   └──([) weight=8, type=sus
       │──(^) weight=2, type=sups
       │   └──(k) weight=1, type=var
       └──(+) weight=5, type=add
           │──(1) weight=1, type=one
           └──(/) weight=3, type=frac
               │──(1) weight=1, type=one
               └──(k) weight=1, type=var

./collection/var/sups/sus k 1 2 8 
./collection/one/add/sus 1 1 5 8 
./collection/one/frac/add/sus 1 1 3 5 8 
./collection/var/frac/add/sus k 1 3 5 8 

