./search '\sqrt{x+y} + \sqrt{x+d}+ \sqrt \beta'
query: \sqrt{x+y} + \sqrt{x+d}+ \sqrt \beta
   └──(+) weight=11, type=add
       │──(√) weight=4, type=sqrt
       │   └──(+) weight=3, type=add
       │       │──(x) weight=1, type=var
       │       └──(y) weight=1, type=var
       │──(√) weight=4, type=sqrt
       │   └──(+) weight=3, type=add
       │       │──(x) weight=1, type=var
       │       └──(d) weight=1, type=var
       └──(√) weight=2, type=sqrt
           └──(_beta) weight=1, type=var
[1m[36mquery brword sorted list:
(sort key: 2) ./collection/var/add/sqrt/add x 1-3-4-11-
(sort key: 2) ./collection/var/add/sqrt/add x 1-3-4-11-
(sort key: 1) ./collection/var/add/sqrt/add y 1-3-4-11-
(sort key: 1) ./collection/var/add/sqrt/add d 1-3-4-11-
(sort key: 1) ./collection/var/sqrt/add _beta 1-2-11-
[0m[1m[35mfor query brw: ./collection/var/add/sqrt/add x 1-3-4-11-:
[0mmatching doc brw: #976275cf @ ./collection/var/add/sqrt/add/posting
matching doc brw: #e2aa1b2c @ ./collection/var/add/sqrt/add/posting
matching doc brw: #60ff2a2a @ ./collection/var/add/sqrt/add/posting
matching doc brw: #211bba39 @ ./collection/var/add/sqrt/add/posting
matching doc brw: #f6845149 @ ./collection/var/add/sqrt/add/posting
matching doc brw: #e1778a82 @ ./collection/var/add/sqrt/add/posting
matching doc brw: #1d9cec81 @ ./collection/var/add/sqrt/add/posting
matching doc brw: #48ad4dbc @ ./collection/var/add/sqrt/add/posting
[1m[32mbefore variable score update:
[0mformula #c9da0901 [0]
	var `a' [0]
		brw #976275cf [0.5] 1-3-4-9- ([1m[32munmarked[0m)
		brw #60ff2a2a [0.5] 1-3-4-9- ([1m[32munmarked[0m)
	var `b' [0]
		brw #e2aa1b2c [0.5] 1-3-4-9- ([1m[32munmarked[0m)
	var `c' [0]
		brw #211bba39 [0.5] 1-3-4-9- ([1m[32munmarked[0m)
formula #d5cf1403 [0]
	var `a' [0]
		brw #f6845149 [0.5] 1-3-4-9- ([1m[32munmarked[0m)
	var `b' [0]
		brw #e1778a82 [0.5] 1-3-4-9- ([1m[32munmarked[0m)
	var `c' [0]
		brw #1d9cec81 [0.5] 1-3-4-9- ([1m[32munmarked[0m)
	var `d' [0]
		brw #48ad4dbc [0.5] 1-3-4-9- ([1m[32munmarked[0m)
[1m[32mafter variable score update:
[0mformula #d5cf1403 [0]
	var `a' [0.5]
		brw #f6845149 [0] 1-3-4-9- ([1m[31mmarked[0m)
	var `b' [0.5]
		brw #e1778a82 [0] 1-3-4-9- ([1m[31mmarked[0m)
	var `c' [0.5]
		brw #1d9cec81 [0] 1-3-4-9- ([1m[31mmarked[0m)
	var `d' [0.5]
		brw #48ad4dbc [0] 1-3-4-9- ([1m[31mmarked[0m)
formula #c9da0901 [0]
	var `a' [0.5]
		brw #976275cf [0] 1-3-4-9- ([1m[31mmarked[0m)
		brw #60ff2a2a [0] 1-3-4-9- ([1m[32munmarked[0m)
	var `b' [0.5]
		brw #e2aa1b2c [0] 1-3-4-9- ([1m[31mmarked[0m)
	var `c' [0.5]
		brw #211bba39 [0] 1-3-4-9- ([1m[31mmarked[0m)
[1m[35mfor query brw: ./collection/var/add/sqrt/add x 1-3-4-11-:
[0mmatching doc brw: #60ff2a2a @ ./collection/var/add/sqrt/add/posting
[1m[32mbefore variable score update:
[0mformula #c9da0901 [0]
	var `a' [0.5]
		brw #976275cf [0] 1-3-4-9- ([1m[31mmarked[0m)
		brw #60ff2a2a [0.5] 1-3-4-9- ([1m[32munmarked[0m)
	var `b' [0.5]
		brw #e2aa1b2c [0] 1-3-4-9- ([1m[31mmarked[0m)
	var `c' [0.5]
		brw #211bba39 [0] 1-3-4-9- ([1m[31mmarked[0m)
formula #d5cf1403 [0]
	var `a' [0.5]
		brw #f6845149 [0] 1-3-4-9- ([1m[31mmarked[0m)
	var `b' [0.5]
		brw #e1778a82 [0] 1-3-4-9- ([1m[31mmarked[0m)
	var `c' [0.5]
		brw #1d9cec81 [0] 1-3-4-9- ([1m[31mmarked[0m)
	var `d' [0.5]
		brw #48ad4dbc [0] 1-3-4-9- ([1m[31mmarked[0m)
[1m[32mafter variable score update:
[0mformula #c9da0901 [0]
	var `a' [1]
		brw #976275cf [0] 1-3-4-9- ([1m[31mmarked[0m)
		brw #60ff2a2a [0] 1-3-4-9- ([1m[31mmarked[0m)
	var `b' [0.5]
		brw #e2aa1b2c [0] 1-3-4-9- ([1m[31mmarked[0m)
	var `c' [0.5]
		brw #211bba39 [0] 1-3-4-9- ([1m[31mmarked[0m)
formula #d5cf1403 [0]
	var `a' [0.5]
		brw #f6845149 [0] 1-3-4-9- ([1m[31mmarked[0m)
	var `b' [0.5]
		brw #e1778a82 [0] 1-3-4-9- ([1m[31mmarked[0m)
	var `c' [0.5]
		brw #1d9cec81 [0] 1-3-4-9- ([1m[31mmarked[0m)
	var `d' [0.5]
		brw #48ad4dbc [0] 1-3-4-9- ([1m[31mmarked[0m)
[1m[32mafter formula score update...
[0mformula #d5cf1403 [0.5]
	var `a' [0]
		brw #f6845149 [0] 1-3-4-9- ([1m[30mcrossed[0m)
	var `b' [0]
		brw #e1778a82 [0] 1-3-4-9- ([1m[32munmarked[0m)
	var `c' [0]
		brw #1d9cec81 [0] 1-3-4-9- ([1m[32munmarked[0m)
	var `d' [0]
		brw #48ad4dbc [0] 1-3-4-9- ([1m[32munmarked[0m)
formula #c9da0901 [1]
	var `a' [0]
		brw #976275cf [0] 1-3-4-9- ([1m[30mcrossed[0m)
		brw #60ff2a2a [0] 1-3-4-9- ([1m[30mcrossed[0m)
	var `b' [0]
		brw #e2aa1b2c [0] 1-3-4-9- ([1m[32munmarked[0m)
	var `c' [0]
		brw #211bba39 [0] 1-3-4-9- ([1m[32munmarked[0m)
[1m[35mfor query brw: ./collection/var/add/sqrt/add y 1-3-4-11-:
[0mmatching doc brw: #e2aa1b2c @ ./collection/var/add/sqrt/add/posting
matching doc brw: #211bba39 @ ./collection/var/add/sqrt/add/posting
matching doc brw: #e1778a82 @ ./collection/var/add/sqrt/add/posting
matching doc brw: #1d9cec81 @ ./collection/var/add/sqrt/add/posting
matching doc brw: #48ad4dbc @ ./collection/var/add/sqrt/add/posting
[1m[32mbefore variable score update:
[0mformula #c9da0901 [1]
	var `a' [0]
		brw #976275cf [0] 1-3-4-9- ([1m[30mcrossed[0m)
		brw #60ff2a2a [0] 1-3-4-9- ([1m[30mcrossed[0m)
	var `b' [0]
		brw #e2aa1b2c [0.5] 1-3-4-9- ([1m[32munmarked[0m)
	var `c' [0]
		brw #211bba39 [0.5] 1-3-4-9- ([1m[32munmarked[0m)
formula #d5cf1403 [0.5]
	var `a' [0]
		brw #f6845149 [0] 1-3-4-9- ([1m[30mcrossed[0m)
	var `b' [0]
		brw #e1778a82 [0.5] 1-3-4-9- ([1m[32munmarked[0m)
	var `c' [0]
		brw #1d9cec81 [0.5] 1-3-4-9- ([1m[32munmarked[0m)
	var `d' [0]
		brw #48ad4dbc [0.5] 1-3-4-9- ([1m[32munmarked[0m)
[1m[32mafter variable score update:
[0mformula #d5cf1403 [0.5]
	var `a' [0]
		brw #f6845149 [0] 1-3-4-9- ([1m[30mcrossed[0m)
	var `b' [0.5]
		brw #e1778a82 [0] 1-3-4-9- ([1m[31mmarked[0m)
	var `c' [0.5]
		brw #1d9cec81 [0] 1-3-4-9- ([1m[31mmarked[0m)
	var `d' [0.5]
		brw #48ad4dbc [0] 1-3-4-9- ([1m[31mmarked[0m)
formula #c9da0901 [1]
	var `a' [0]
		brw #976275cf [0] 1-3-4-9- ([1m[30mcrossed[0m)
		brw #60ff2a2a [0] 1-3-4-9- ([1m[30mcrossed[0m)
	var `b' [0.5]
		brw #e2aa1b2c [0] 1-3-4-9- ([1m[31mmarked[0m)
	var `c' [0.5]
		brw #211bba39 [0] 1-3-4-9- ([1m[31mmarked[0m)
[1m[32mafter formula score update...
[0mformula #d5cf1403 [1]
	var `a' [0]
		brw #f6845149 [0] 1-3-4-9- ([1m[30mcrossed[0m)
	var `b' [0]
		brw #e1778a82 [0] 1-3-4-9- ([1m[30mcrossed[0m)
	var `c' [0]
		brw #1d9cec81 [0] 1-3-4-9- ([1m[32munmarked[0m)
	var `d' [0]
		brw #48ad4dbc [0] 1-3-4-9- ([1m[32munmarked[0m)
formula #c9da0901 [1.5]
	var `a' [0]
		brw #976275cf [0] 1-3-4-9- ([1m[30mcrossed[0m)
		brw #60ff2a2a [0] 1-3-4-9- ([1m[30mcrossed[0m)
	var `b' [0]
		brw #e2aa1b2c [0] 1-3-4-9- ([1m[30mcrossed[0m)
	var `c' [0]
		brw #211bba39 [0] 1-3-4-9- ([1m[32munmarked[0m)
[1m[35mfor query brw: ./collection/var/add/sqrt/add d 1-3-4-11-:
[0mmatching doc brw: #211bba39 @ ./collection/var/add/sqrt/add/posting
matching doc brw: #1d9cec81 @ ./collection/var/add/sqrt/add/posting
matching doc brw: #48ad4dbc @ ./collection/var/add/sqrt/add/posting
[1m[32mbefore variable score update:
[0mformula #c9da0901 [1.5]
	var `a' [0]
		brw #976275cf [0] 1-3-4-9- ([1m[30mcrossed[0m)
		brw #60ff2a2a [0] 1-3-4-9- ([1m[30mcrossed[0m)
	var `b' [0]
		brw #e2aa1b2c [0] 1-3-4-9- ([1m[30mcrossed[0m)
	var `c' [0]
		brw #211bba39 [0.5] 1-3-4-9- ([1m[32munmarked[0m)
formula #d5cf1403 [1]
	var `a' [0]
		brw #f6845149 [0] 1-3-4-9- ([1m[30mcrossed[0m)
	var `b' [0]
		brw #e1778a82 [0] 1-3-4-9- ([1m[30mcrossed[0m)
	var `c' [0]
		brw #1d9cec81 [0.5] 1-3-4-9- ([1m[32munmarked[0m)
	var `d' [0]
		brw #48ad4dbc [0.666667] 1-3-4-9- ([1m[32munmarked[0m)
[1m[32mafter variable score update:
[0mformula #d5cf1403 [1]
	var `a' [0]
		brw #f6845149 [0] 1-3-4-9- ([1m[30mcrossed[0m)
	var `b' [0]
		brw #e1778a82 [0] 1-3-4-9- ([1m[30mcrossed[0m)
	var `c' [0.5]
		brw #1d9cec81 [0] 1-3-4-9- ([1m[31mmarked[0m)
	var `d' [0.666667]
		brw #48ad4dbc [0] 1-3-4-9- ([1m[31mmarked[0m)
formula #c9da0901 [1.5]
	var `a' [0]
		brw #976275cf [0] 1-3-4-9- ([1m[30mcrossed[0m)
		brw #60ff2a2a [0] 1-3-4-9- ([1m[30mcrossed[0m)
	var `b' [0]
		brw #e2aa1b2c [0] 1-3-4-9- ([1m[30mcrossed[0m)
	var `c' [0.5]
		brw #211bba39 [0] 1-3-4-9- ([1m[31mmarked[0m)
[1m[32mafter formula score update...
[0mformula #c9da0901 [2]
	var `a' [0]
		brw #976275cf [0] 1-3-4-9- ([1m[30mcrossed[0m)
		brw #60ff2a2a [0] 1-3-4-9- ([1m[30mcrossed[0m)
	var `b' [0]
		brw #e2aa1b2c [0] 1-3-4-9- ([1m[30mcrossed[0m)
	var `c' [0]
		brw #211bba39 [0] 1-3-4-9- ([1m[30mcrossed[0m)
formula #d5cf1403 [1.66667]
	var `a' [0]
		brw #f6845149 [0] 1-3-4-9- ([1m[30mcrossed[0m)
	var `b' [0]
		brw #e1778a82 [0] 1-3-4-9- ([1m[30mcrossed[0m)
	var `c' [0]
		brw #1d9cec81 [0] 1-3-4-9- ([1m[32munmarked[0m)
	var `d' [0]
		brw #48ad4dbc [0] 1-3-4-9- ([1m[30mcrossed[0m)
[1m[35mfor query brw: ./collection/var/sqrt/add _beta 1-2-11-:
[0m[1m[32mmatching none.
[0m[1m[32mafter formula score update...
[0m[1m[34mfinal score:[0m (final score = score * 10000 + 1/#brw)
[1m[34m< #1 >: 
[0mdoc #c9da0901 (brws=4):
no_url

\sqrt{a+b}+\sqrt{a+c}

   └──(+) weight=9, type=add
       │──(√) weight=4, type=sqrt
       │   └──(+) weight=3, type=add
       │       │──(a) weight=1, type=var
       │       └──(b) weight=1, type=var
       └──(√) weight=4, type=sqrt
           └──(+) weight=3, type=add
               │──(a) weight=1, type=var
               └──(c) weight=1, type=var

formula #c9da0901 [20000.2]
	var `a' [0]
		brw #976275cf [0] 1-3-4-9- ([1m[30mcrossed[0m)
		brw #60ff2a2a [0] 1-3-4-9- ([1m[30mcrossed[0m)
	var `b' [0]
		brw #e2aa1b2c [0] 1-3-4-9- ([1m[30mcrossed[0m)
	var `c' [0]
		brw #211bba39 [0] 1-3-4-9- ([1m[30mcrossed[0m)
[1m[34m< #2 >: 
[0mdoc #d5cf1403 (brws=4):
no_url

\sqrt{a+b}+\sqrt{c+d}

   └──(+) weight=9, type=add
       │──(√) weight=4, type=sqrt
       │   └──(+) weight=3, type=add
       │       │──(a) weight=1, type=var
       │       └──(b) weight=1, type=var
       └──(√) weight=4, type=sqrt
           └──(+) weight=3, type=add
               │──(c) weight=1, type=var
               └──(d) weight=1, type=var

formula #d5cf1403 [16666.9]
	var `a' [0]
		brw #f6845149 [0] 1-3-4-9- ([1m[30mcrossed[0m)
	var `b' [0]
		brw #e1778a82 [0] 1-3-4-9- ([1m[30mcrossed[0m)
	var `c' [0]
		brw #1d9cec81 [0] 1-3-4-9- ([1m[32munmarked[0m)
	var `d' [0]
		brw #48ad4dbc [0] 1-3-4-9- ([1m[30mcrossed[0m)
[1m[34m(query: `\sqrt{x+y} + \sqrt{x+d}+ \sqrt \beta')
[0m
