n
{z^2 \over (z^2-1)}; \ \ z=1 
   └──(;) weight=16, type=sep_class
       │──(_over) weight=12, type=frac
       │   │──([) weight=4, type=sus
       │   │   │──(^) weight=2, type=sups
       │   │   │   └──(2) weight=1, type=const
       │   │   └──(z) weight=1, type=var
       │   └──(+) weight=7, type=add
       │       │──([) weight=4, type=sus
       │       │   │──(^) weight=2, type=sups
       │       │   │   └──(2) weight=1, type=const
       │       │   └──(z) weight=1, type=var
       │       └──(-) weight=2, type=neg
       │           └──(1) weight=1, type=one
       └──(=) weight=3, type=eq_class
           │──(z) weight=1, type=var
           └──(1) weight=1, type=one

./const/sups/sus/frac/sep_class 2 1 2 4 12 16 
./var/sus/frac/sep_class z 1 4 12 16 
./const/sups/sus/add/frac/sep_class 2 1 2 4 7 12 16 
./var/sus/add/frac/sep_class z 1 4 7 12 16 
./one/neg/add/frac/sep_class 1 1 2 7 12 16 
./var/eq_class/sep_class z 1 3 16 
./one/eq_class/sep_class 1 1 3 16 

